  [1m[36m (1.2ms)[0m  [1mCREATE TABLE "schema_migrations" ("version" varchar NOT NULL) [0m
  [1m[35m (0.0ms)[0m  select sqlite_version(*)
  [1m[36m (1.0ms)[0m  [1mCREATE UNIQUE INDEX "unique_schema_migrations" ON "schema_migrations" ("version")[0m
  [1m[35mActiveRecord::SchemaMigration Load (0.1ms)[0m  SELECT "schema_migrations".* FROM "schema_migrations"
  [1m[36mActiveRecord::SchemaMigration Load (0.1ms)[0m  [1mSELECT "schema_migrations".* FROM "schema_migrations"[0m
Migrating to CreatePosts (20151230232412)
  [1m[35m (0.1ms)[0m  begin transaction
  [1m[36m (0.4ms)[0m  [1mCREATE TABLE "posts" ("id" INTEGER PRIMARY KEY AUTOINCREMENT NOT NULL, "title" varchar, "description" text, "created_at" datetime NOT NULL, "updated_at" datetime NOT NULL) [0m
  [1m[35mSQL (0.2ms)[0m  INSERT INTO "schema_migrations" ("version") VALUES (?)  [["version", "20151230232412"]]
  [1m[36m (1.3ms)[0m  [1mcommit transaction[0m
  [1m[35mActiveRecord::SchemaMigration Load (0.1ms)[0m  SELECT "schema_migrations".* FROM "schema_migrations"


Started GET "/posts/new" for ::1 at 2015-12-30 20:30:31 -0600
  [1m[36mActiveRecord::SchemaMigration Load (0.1ms)[0m  [1mSELECT "schema_migrations".* FROM "schema_migrations"[0m
Processing by PostsController#new as HTML
  Rendered posts/new.html.erb within layouts/application (2.7ms)
Completed 200 OK in 393ms (Views: 383.8ms | ActiveRecord: 0.0ms)


Started POST "/posts" for ::1 at 2015-12-30 20:30:37 -0600
Processing by PostsController#create as HTML
  Parameters: {"utf8"=>"✓", "authenticity_token"=>"Hjp1RiR9ya6iFqkxVbwpk4S8rTowSYfUHBxQZzKCrcwuqlFxP2gFlrxGWRZYDnx9U/sdURHTMwpX6/wSjx76KQ==", "title"=>"Rails Introduction Quiz", "description"=>"asdfasd", "commit"=>"Submit Post"}
Redirected to http://localhost:3000/posts/new
Completed 302 Found in 1ms (ActiveRecord: 0.0ms)


Started GET "/posts/new" for ::1 at 2015-12-30 20:30:37 -0600
Processing by PostsController#new as HTML
  Rendered posts/new.html.erb within layouts/application (0.4ms)
Completed 200 OK in 10ms (Views: 9.0ms | ActiveRecord: 0.0ms)


Started GET "/posts/new?someting=asdafdas" for ::1 at 2015-12-30 20:33:34 -0600
Processing by PostsController#new as HTML
  Parameters: {"someting"=>"asdafdas"}
  Rendered posts/new.html.erb within layouts/application (0.3ms)
Completed 200 OK in 9ms (Views: 8.1ms | ActiveRecord: 0.0ms)


Started GET "/posts/new?someting=asdafdas" for ::1 at 2015-12-30 20:40:29 -0600
Processing by PostsController#new as HTML
  Parameters: {"someting"=>"asdafdas"}
  Rendered posts/new.html.erb within layouts/application (0.4ms)
Completed 200 OK in 10ms (Views: 9.6ms | ActiveRecord: 0.0ms)


Started GET "/assets/application.self-e80e8f2318043e8af94dddc2adad5a4f09739a8ebb323b3ab31cd71d45fd9113.css?body=1" for ::1 at 2015-12-30 20:40:29 -0600


Started GET "/assets/jquery_ujs.self-d456baa54c1fa6be2ec3711f0a72ddf7a5b2f34a6b4f515f33767d6207b7d4b3.js?body=1" for ::1 at 2015-12-30 20:40:29 -0600


Started GET "/assets/jquery.self-a714331225dda820228db323939889f149aec0127aeb06255646b616ba1ca419.js?body=1" for ::1 at 2015-12-30 20:40:29 -0600


Started GET "/assets/application.self-3b8dabdc891efe46b9a144b400ad69e37d7e5876bdc39dee783419a69d7ca819.js?body=1" for ::1 at 2015-12-30 20:40:29 -0600


Started GET "/assets/turbolinks.self-c37727e9bd6b2735da5c311aa83fead54ed0be6cc8bd9a65309e9c5abe2cbfff.js?body=1" for ::1 at 2015-12-30 20:40:29 -0600


Started GET "/posts/new" for ::1 at 2015-12-30 20:40:37 -0600
Processing by PostsController#new as HTML
  Rendered posts/new.html.erb within layouts/application (0.4ms)
Completed 200 OK in 10ms (Views: 9.3ms | ActiveRecord: 0.0ms)


Started POST "/posts" for ::1 at 2015-12-30 20:40:55 -0600
Processing by PostsController#create as HTML
  Parameters: {"utf8"=>"✓", "authenticity_token"=>"8wEmAU4QXBwNFcOKOvFNuQeQp8Yq4xHFehAkMFbvryDDkQI2VQWQJBNFM603QxhX0NcXrQt5pRsx54hF63P4xQ==", "title"=>"Rails Introduction Quiz", "description"=>"asdfasdfasd", "commit"=>"Submit Post"}
Redirected to http://localhost:3000/posts/new
Completed 302 Found in 1ms (ActiveRecord: 0.0ms)


Started GET "/posts/new" for ::1 at 2015-12-30 20:40:55 -0600
Processing by PostsController#new as HTML
  Rendered posts/new.html.erb within layouts/application (0.3ms)
Completed 200 OK in 8ms (Views: 6.9ms | ActiveRecord: 0.0ms)


Started GET "/posts/new" for ::1 at 2015-12-30 20:41:09 -0600
Processing by PostsController#new as HTML
  Rendered posts/new.html.erb within layouts/application (0.4ms)
Completed 200 OK in 10ms (Views: 8.9ms | ActiveRecord: 0.0ms)


Started GET "/assets/application.self-e80e8f2318043e8af94dddc2adad5a4f09739a8ebb323b3ab31cd71d45fd9113.css?body=1" for ::1 at 2015-12-30 20:41:09 -0600


Started GET "/assets/turbolinks.self-c37727e9bd6b2735da5c311aa83fead54ed0be6cc8bd9a65309e9c5abe2cbfff.js?body=1" for ::1 at 2015-12-30 20:41:09 -0600


Started GET "/assets/jquery_ujs.self-d456baa54c1fa6be2ec3711f0a72ddf7a5b2f34a6b4f515f33767d6207b7d4b3.js?body=1" for ::1 at 2015-12-30 20:41:09 -0600


Started GET "/assets/jquery.self-a714331225dda820228db323939889f149aec0127aeb06255646b616ba1ca419.js?body=1" for ::1 at 2015-12-30 20:41:09 -0600


Started GET "/assets/application.self-3b8dabdc891efe46b9a144b400ad69e37d7e5876bdc39dee783419a69d7ca819.js?body=1" for ::1 at 2015-12-30 20:41:09 -0600


Started POST "/posts" for ::1 at 2015-12-30 20:41:12 -0600
Processing by PostsController#create as HTML
  Parameters: {"utf8"=>"✓", "authenticity_token"=>"wM0kUAuTuVVs64yO9C+2FgVExLWEkXYBL4fHjMvdHb/wXQBnEIZ1bXK7fKn5neP40gN03qULwt9kcGv5dkFKWg==", "title"=>"Rails Introduction Quiz", "description"=>"asdf", "commit"=>"Submit Post"}
Redirected to http://localhost:3000/posts/new?post%5Baction%5D=create&post%5Bauthenticity_token%5D=wM0kUAuTuVVs64yO9C%2B2FgVExLWEkXYBL4fHjMvdHb%2FwXQBnEIZ1bXK7fKn5neP40gN03qULwt9kcGv5dkFKWg%3D%3D&post%5Bcommit%5D=Submit+Post&post%5Bcontroller%5D=posts&post%5Bdescription%5D=asdf&post%5Btitle%5D=Rails+Introduction+Quiz&post%5Butf8%5D=%E2%9C%93
Completed 302 Found in 1ms (ActiveRecord: 0.0ms)


Started GET "/posts/new?post%5Baction%5D=create&post%5Bauthenticity_token%5D=wM0kUAuTuVVs64yO9C%2B2FgVExLWEkXYBL4fHjMvdHb%2FwXQBnEIZ1bXK7fKn5neP40gN03qULwt9kcGv5dkFKWg%3D%3D&post%5Bcommit%5D=Submit+Post&post%5Bcontroller%5D=posts&post%5Bdescription%5D=asdf&post%5Btitle%5D=Rails+Introduction+Quiz&post%5Butf8%5D=%E2%9C%93" for ::1 at 2015-12-30 20:41:12 -0600
Processing by PostsController#new as HTML
  Parameters: {"post"=>{"action"=>"create", "authenticity_token"=>"wM0kUAuTuVVs64yO9C+2FgVExLWEkXYBL4fHjMvdHb/wXQBnEIZ1bXK7fKn5neP40gN03qULwt9kcGv5dkFKWg==", "commit"=>"Submit Post", "controller"=>"posts", "description"=>"asdf", "title"=>"Rails Introduction Quiz", "utf8"=>"✓"}}
  Rendered posts/new.html.erb within layouts/application (0.3ms)
Completed 200 OK in 8ms (Views: 7.2ms | ActiveRecord: 0.0ms)


Started GET "/posts" for ::1 at 2019-01-13 14:17:11 -0500
  [1m[36mActiveRecord::SchemaMigration Load (0.2ms)[0m  [1mSELECT "schema_migrations".* FROM "schema_migrations"[0m
Processing by PostsController#index as HTML
  [1m[35mPost Load (0.1ms)[0m  SELECT "posts".* FROM "posts"
  Rendered posts/index.html.erb within layouts/application (2.5ms)
Completed 200 OK in 406ms (Views: 394.8ms | ActiveRecord: 0.3ms)


Started GET "/students" for ::1 at 2019-01-13 14:17:51 -0500

ActionController::RoutingError (No route matches [GET] "/students"):
  actionpack (4.2.10) lib/action_dispatch/middleware/debug_exceptions.rb:21:in `call'
  actionpack (4.2.10) lib/action_dispatch/middleware/show_exceptions.rb:30:in `call'
  railties (4.2.10) lib/rails/rack/logger.rb:38:in `call_app'
  railties (4.2.10) lib/rails/rack/logger.rb:20:in `block in call'
  activesupport (4.2.10) lib/active_support/tagged_logging.rb:68:in `block in tagged'
  activesupport (4.2.10) lib/active_support/tagged_logging.rb:26:in `tagged'
  activesupport (4.2.10) lib/active_support/tagged_logging.rb:68:in `tagged'
  railties (4.2.10) lib/rails/rack/logger.rb:20:in `call'
  actionpack (4.2.10) lib/action_dispatch/middleware/request_id.rb:21:in `call'
  rack (1.6.10) lib/rack/methodoverride.rb:22:in `call'
  rack (1.6.10) lib/rack/runtime.rb:18:in `call'
  activesupport (4.2.10) lib/active_support/cache/strategy/local_cache_middleware.rb:28:in `call'
  rack (1.6.10) lib/rack/lock.rb:17:in `call'
  actionpack (4.2.10) lib/action_dispatch/middleware/static.rb:120:in `call'
  rack (1.6.10) lib/rack/sendfile.rb:113:in `call'
  railties (4.2.10) lib/rails/engine.rb:518:in `call'
  railties (4.2.10) lib/rails/application.rb:165:in `call'
  rack (1.6.10) lib/rack/lock.rb:17:in `call'
  rack (1.6.10) lib/rack/content_length.rb:15:in `call'
  rack (1.6.10) lib/rack/handler/webrick.rb:88:in `service'
  /Users/jisung/.rvm/rubies/ruby-2.3.3/lib/ruby/2.3.0/webrick/httpserver.rb:140:in `service'
  /Users/jisung/.rvm/rubies/ruby-2.3.3/lib/ruby/2.3.0/webrick/httpserver.rb:96:in `run'
  /Users/jisung/.rvm/rubies/ruby-2.3.3/lib/ruby/2.3.0/webrick/server.rb:296:in `block in start_thread'


  Rendered /Users/jisung/.rvm/gems/ruby-2.3.3/gems/actionpack-4.2.10/lib/action_dispatch/middleware/templates/rescues/_trace.html.erb (1.7ms)
  Rendered /Users/jisung/.rvm/gems/ruby-2.3.3/gems/actionpack-4.2.10/lib/action_dispatch/middleware/templates/routes/_route.html.erb (0.8ms)
  Rendered /Users/jisung/.rvm/gems/ruby-2.3.3/gems/actionpack-4.2.10/lib/action_dispatch/middleware/templates/routes/_table.html.erb (35.9ms)
  Rendered /Users/jisung/.rvm/gems/ruby-2.3.3/gems/actionpack-4.2.10/lib/action_dispatch/middleware/templates/rescues/_request_and_response.html.erb (3.2ms)
  Rendered /Users/jisung/.rvm/gems/ruby-2.3.3/gems/actionpack-4.2.10/lib/action_dispatch/middleware/templates/rescues/routing_error.html.erb within rescues/layout (176.9ms)


Started GET "/" for ::1 at 2019-01-13 14:17:57 -0500
Processing by Rails::WelcomeController#index as HTML
  Rendered /Users/jisung/.rvm/gems/ruby-2.3.3/gems/railties-4.2.10/lib/rails/templates/rails/welcome/index.html.erb (2.1ms)
Completed 200 OK in 41ms (Views: 39.7ms | ActiveRecord: 0.0ms)


Started GET "/posts" for ::1 at 2019-01-13 14:18:47 -0500
Processing by PostsController#index as HTML
  [1m[36mPost Load (0.1ms)[0m  [1mSELECT "posts".* FROM "posts"[0m
  Rendered posts/index.html.erb within layouts/application (1.4ms)
Completed 200 OK in 29ms (Views: 27.7ms | ActiveRecord: 0.1ms)


Started GET "/posts/new" for ::1 at 2019-01-13 14:18:58 -0500
Processing by PostsController#new as HTML
  Rendered posts/new.html.erb within layouts/application (1.0ms)
Completed 200 OK in 28ms (Views: 26.7ms | ActiveRecord: 0.0ms)


Started GET "/posts/index" for ::1 at 2019-01-13 14:19:29 -0500

ActionController::RoutingError (No route matches [GET] "/posts/index"):
  actionpack (4.2.10) lib/action_dispatch/middleware/debug_exceptions.rb:21:in `call'
  actionpack (4.2.10) lib/action_dispatch/middleware/show_exceptions.rb:30:in `call'
  railties (4.2.10) lib/rails/rack/logger.rb:38:in `call_app'
  railties (4.2.10) lib/rails/rack/logger.rb:20:in `block in call'
  activesupport (4.2.10) lib/active_support/tagged_logging.rb:68:in `block in tagged'
  activesupport (4.2.10) lib/active_support/tagged_logging.rb:26:in `tagged'
  activesupport (4.2.10) lib/active_support/tagged_logging.rb:68:in `tagged'
  railties (4.2.10) lib/rails/rack/logger.rb:20:in `call'
  actionpack (4.2.10) lib/action_dispatch/middleware/request_id.rb:21:in `call'
  rack (1.6.10) lib/rack/methodoverride.rb:22:in `call'
  rack (1.6.10) lib/rack/runtime.rb:18:in `call'
  activesupport (4.2.10) lib/active_support/cache/strategy/local_cache_middleware.rb:28:in `call'
  rack (1.6.10) lib/rack/lock.rb:17:in `call'
  actionpack (4.2.10) lib/action_dispatch/middleware/static.rb:120:in `call'
  rack (1.6.10) lib/rack/sendfile.rb:113:in `call'
  railties (4.2.10) lib/rails/engine.rb:518:in `call'
  railties (4.2.10) lib/rails/application.rb:165:in `call'
  rack (1.6.10) lib/rack/lock.rb:17:in `call'
  rack (1.6.10) lib/rack/content_length.rb:15:in `call'
  rack (1.6.10) lib/rack/handler/webrick.rb:88:in `service'
  /Users/jisung/.rvm/rubies/ruby-2.3.3/lib/ruby/2.3.0/webrick/httpserver.rb:140:in `service'
  /Users/jisung/.rvm/rubies/ruby-2.3.3/lib/ruby/2.3.0/webrick/httpserver.rb:96:in `run'
  /Users/jisung/.rvm/rubies/ruby-2.3.3/lib/ruby/2.3.0/webrick/server.rb:296:in `block in start_thread'


  Rendered /Users/jisung/.rvm/gems/ruby-2.3.3/gems/actionpack-4.2.10/lib/action_dispatch/middleware/templates/rescues/_trace.html.erb (1.9ms)
  Rendered /Users/jisung/.rvm/gems/ruby-2.3.3/gems/actionpack-4.2.10/lib/action_dispatch/middleware/templates/routes/_route.html.erb (0.7ms)
  Rendered /Users/jisung/.rvm/gems/ruby-2.3.3/gems/actionpack-4.2.10/lib/action_dispatch/middleware/templates/routes/_table.html.erb (1.3ms)
  Rendered /Users/jisung/.rvm/gems/ruby-2.3.3/gems/actionpack-4.2.10/lib/action_dispatch/middleware/templates/rescues/_request_and_response.html.erb (1.1ms)
  Rendered /Users/jisung/.rvm/gems/ruby-2.3.3/gems/actionpack-4.2.10/lib/action_dispatch/middleware/templates/rescues/routing_error.html.erb within rescues/layout (114.4ms)


Started GET "/posts/" for ::1 at 2019-01-13 14:19:33 -0500
Processing by PostsController#index as HTML
  [1m[35mPost Load (0.2ms)[0m  SELECT "posts".* FROM "posts"
  Rendered posts/index.html.erb within layouts/application (0.6ms)
Completed 200 OK in 16ms (Views: 15.5ms | ActiveRecord: 0.2ms)
  [1m[36mActiveRecord::SchemaMigration Load (0.1ms)[0m  [1mSELECT "schema_migrations".* FROM "schema_migrations"[0m
  [1m[36mActiveRecord::SchemaMigration Load (0.1ms)[0m  [1mSELECT "schema_migrations".* FROM "schema_migrations"[0m
  [1m[35m (0.1ms)[0m  begin transaction
  [1m[36mSQL (0.7ms)[0m  [1mINSERT INTO "posts" ("title", "description", "created_at", "updated_at") VALUES (?, ?, ?, ?)[0m  [["title", "Title of Blog Post"], ["description", "This is the description."], ["created_at", "2019-01-13 19:22:24.880616"], ["updated_at", "2019-01-13 19:22:24.880616"]]
  [1m[35m (1.7ms)[0m  commit transaction


Started GET "/posts/" for ::1 at 2019-01-13 14:22:39 -0500
  [1m[36mActiveRecord::SchemaMigration Load (0.1ms)[0m  [1mSELECT "schema_migrations".* FROM "schema_migrations"[0m
Processing by PostsController#index as HTML
  [1m[35mPost Load (0.1ms)[0m  SELECT "posts".* FROM "posts"
  Rendered posts/index.html.erb within layouts/application (6.1ms)
Completed 200 OK in 243ms (Views: 230.8ms | ActiveRecord: 0.6ms)
  [1m[36mActiveRecord::SchemaMigration Load (0.1ms)[0m  [1mSELECT "schema_migrations".* FROM "schema_migrations"[0m
  [1m[35m (0.0ms)[0m  begin transaction
  [1m[36mSQL (0.5ms)[0m  [1mINSERT INTO "posts" ("title", "description", "created_at", "updated_at") VALUES (?, ?, ?, ?)[0m  [["title", "Title of Blog Post"], ["description", "This is the description."], ["created_at", "2019-01-13 19:26:33.625777"], ["updated_at", "2019-01-13 19:26:33.625777"]]
  [1m[35m (1.8ms)[0m  commit transaction
  [1m[36m (0.0ms)[0m  [1mbegin transaction[0m
  [1m[35mSQL (0.3ms)[0m  INSERT INTO "posts" ("title", "description", "created_at", "updated_at") VALUES (?, ?, ?, ?)  [["title", "Git this, Git that"], ["description", "Intro for beginners."], ["created_at", "2019-01-13 19:26:33.629416"], ["updated_at", "2019-01-13 19:26:33.629416"]]
  [1m[36m (0.9ms)[0m  [1mcommit transaction[0m
  [1m[35m (0.0ms)[0m  begin transaction
  [1m[36mSQL (0.3ms)[0m  [1mINSERT INTO "posts" ("title", "description", "created_at", "updated_at") VALUES (?, ?, ?, ?)[0m  [["title", "Chicago's Best"], ["description", "All about deep-dish pizza."], ["created_at", "2019-01-13 19:26:33.631609"], ["updated_at", "2019-01-13 19:26:33.631609"]]
  [1m[35m (0.8ms)[0m  commit transaction
  [1m[36m (0.0ms)[0m  [1mbegin transaction[0m
  [1m[35mSQL (0.5ms)[0m  INSERT INTO "posts" ("title", "description", "created_at", "updated_at") VALUES (?, ?, ?, ?)  [["title", "Blog Post Title"], ["description", "Here is the fucking description."], ["created_at", "2019-01-13 19:26:33.633708"], ["updated_at", "2019-01-13 19:26:33.633708"]]
  [1m[36m (1.0ms)[0m  [1mcommit transaction[0m
  [1m[35m (0.0ms)[0m  begin transaction
  [1m[36mSQL (0.4ms)[0m  [1mINSERT INTO "posts" ("title", "description", "created_at", "updated_at") VALUES (?, ?, ?, ?)[0m  [["title", "Jian Yang's Adventures"], ["description", "His life is a whirlwind."], ["created_at", "2019-01-13 19:26:33.636773"], ["updated_at", "2019-01-13 19:26:33.636773"]]
  [1m[35m (1.4ms)[0m  commit transaction
  [1m[36m (0.1ms)[0m  [1mbegin transaction[0m
  [1m[35mSQL (0.4ms)[0m  INSERT INTO "posts" ("title", "description", "created_at", "updated_at") VALUES (?, ?, ?, ?)  [["title", "Tintin's Startups"], ["description", "Somali pirates, on the run."], ["created_at", "2019-01-13 19:26:33.640335"], ["updated_at", "2019-01-13 19:26:33.640335"]]
  [1m[36m (1.2ms)[0m  [1mcommit transaction[0m


Started GET "/posts/" for ::1 at 2019-01-13 14:26:39 -0500
  [1m[36mActiveRecord::SchemaMigration Load (0.1ms)[0m  [1mSELECT "schema_migrations".* FROM "schema_migrations"[0m
Processing by PostsController#index as HTML
  [1m[35mPost Load (0.2ms)[0m  SELECT "posts".* FROM "posts"
  Rendered posts/index.html.erb within layouts/application (5.7ms)
Completed 200 OK in 236ms (Views: 225.8ms | ActiveRecord: 0.4ms)


Started GET "/posts/new" for ::1 at 2019-01-13 14:27:03 -0500
Processing by PostsController#new as HTML
  Rendered posts/new.html.erb within layouts/application (0.6ms)
Completed 200 OK in 17ms (Views: 16.1ms | ActiveRecord: 0.0ms)


Started GET "/posts" for ::1 at 2019-01-13 16:22:45 -0500
  [1m[36mActiveRecord::SchemaMigration Load (0.1ms)[0m  [1mSELECT "schema_migrations".* FROM "schema_migrations"[0m
Processing by PostsController#index as HTML
  [1m[35mPost Load (0.2ms)[0m  SELECT "posts".* FROM "posts"
  Rendered posts/index.html.erb within layouts/application (6.7ms)
Completed 200 OK in 438ms (Views: 422.6ms | ActiveRecord: 0.4ms)


Started GET "/posts/new" for ::1 at 2019-01-13 16:22:46 -0500
Processing by PostsController#new as HTML
  Rendered posts/new.html.erb within layouts/application (0.6ms)
Completed 200 OK in 39ms (Views: 38.7ms | ActiveRecord: 0.0ms)


Started GET "/posts/new" for ::1 at 2019-01-13 16:23:00 -0500
Processing by PostsController#new as HTML
  Rendered posts/new.html.erb within layouts/application (0.2ms)
Completed 200 OK in 39ms (Views: 38.5ms | ActiveRecord: 0.0ms)


Started GET "/posts?post%5Btitle%5D=sdfs&post%5Bdescription%5D=serese" for ::1 at 2019-01-13 16:23:05 -0500
Processing by PostsController#index as HTML
  Parameters: {"post"=>{"title"=>"sdfs", "description"=>"serese"}}
  [1m[36mPost Load (0.2ms)[0m  [1mSELECT "posts".* FROM "posts"[0m
  Rendered posts/index.html.erb within layouts/application (1.0ms)
Completed 200 OK in 17ms (Views: 15.9ms | ActiveRecord: 0.2ms)


Started GET "/posts?post%5Btitle%5D=sdfs&post%5Bdescription%5D=serese" for ::1 at 2019-01-13 16:23:46 -0500
Processing by PostsController#index as HTML
  Parameters: {"post"=>{"title"=>"sdfs", "description"=>"serese"}}
  [1m[35mPost Load (0.2ms)[0m  SELECT "posts".* FROM "posts"
  Rendered posts/index.html.erb within layouts/application (1.0ms)
Completed 200 OK in 19ms (Views: 18.0ms | ActiveRecord: 0.2ms)


Started GET "/posts" for ::1 at 2019-01-13 16:23:51 -0500
Processing by PostsController#index as HTML
  [1m[36mPost Load (0.2ms)[0m  [1mSELECT "posts".* FROM "posts"[0m
  Rendered posts/index.html.erb within layouts/application (1.0ms)
Completed 200 OK in 45ms (Views: 43.9ms | ActiveRecord: 0.2ms)


Started GET "/posts/new" for ::1 at 2019-01-13 16:23:52 -0500
Processing by PostsController#new as HTML
  Rendered posts/new.html.erb within layouts/application (0.2ms)
Completed 200 OK in 23ms (Views: 22.4ms | ActiveRecord: 0.0ms)


Started GET "/posts?post%5Btitle%5D=sdfsdf&post%5Bdescription%5D=sdfsd" for ::1 at 2019-01-13 16:23:59 -0500
Processing by PostsController#index as HTML
  Parameters: {"post"=>{"title"=>"sdfsdf", "description"=>"sdfsd"}}
  [1m[35mPost Load (0.2ms)[0m  SELECT "posts".* FROM "posts"
  Rendered posts/index.html.erb within layouts/application (0.8ms)
Completed 200 OK in 18ms (Views: 17.3ms | ActiveRecord: 0.2ms)
  [1m[36mPost Load (1.6ms)[0m  [1mSELECT "posts".* FROM "posts"[0m


Started GET "/posts" for ::1 at 2019-01-13 16:29:17 -0500
  [1m[36mActiveRecord::SchemaMigration Load (0.1ms)[0m  [1mSELECT "schema_migrations".* FROM "schema_migrations"[0m
Processing by PostsController#index as HTML
  [1m[35mPost Load (0.3ms)[0m  SELECT "posts".* FROM "posts"
  Rendered posts/index.html.erb within layouts/application (7.7ms)
Completed 200 OK in 335ms (Views: 323.5ms | ActiveRecord: 0.6ms)


Started GET "/posts/new" for ::1 at 2019-01-13 16:29:23 -0500
Processing by PostsController#new as HTML
  Rendered posts/new.html.erb within layouts/application (0.6ms)
Completed 200 OK in 18ms (Views: 17.6ms | ActiveRecord: 0.0ms)


Started GET "/posts?post%5Btitle%5D=sdfsd&post%5Bdescription%5D=sdfsdf" for ::1 at 2019-01-13 16:29:27 -0500
Processing by PostsController#index as HTML
  Parameters: {"post"=>{"title"=>"sdfsd", "description"=>"sdfsdf"}}
  [1m[36mPost Load (0.2ms)[0m  [1mSELECT "posts".* FROM "posts"[0m
  Rendered posts/index.html.erb within layouts/application (1.0ms)
Completed 200 OK in 17ms (Views: 16.7ms | ActiveRecord: 0.2ms)


Started GET "/posts" for ::1 at 2019-01-13 16:33:32 -0500
  [1m[36mActiveRecord::SchemaMigration Load (0.1ms)[0m  [1mSELECT "schema_migrations".* FROM "schema_migrations"[0m
Processing by PostsController#index as HTML
  [1m[35mPost Load (0.2ms)[0m  SELECT "posts".* FROM "posts"
  Rendered posts/index.html.erb within layouts/application (8.7ms)
Completed 200 OK in 327ms (Views: 309.4ms | ActiveRecord: 0.6ms)


Started GET "/posts/new" for ::1 at 2019-01-13 16:33:39 -0500
Processing by PostsController#new as HTML
  Rendered posts/new.html.erb within layouts/application (0.6ms)
Completed 200 OK in 116ms (Views: 115.0ms | ActiveRecord: 0.0ms)


Started GET "/posts?post%5Btitle%5D=sdfsf&post%5Bdescription%5D=sdfsdfsd" for ::1 at 2019-01-13 16:33:44 -0500
Processing by PostsController#index as HTML
  Parameters: {"post"=>{"title"=>"sdfsf", "description"=>"sdfsdfsd"}}
  [1m[36mPost Load (0.2ms)[0m  [1mSELECT "posts".* FROM "posts"[0m
  Rendered posts/index.html.erb within layouts/application (1.2ms)
Completed 200 OK in 18ms (Views: 17.7ms | ActiveRecord: 0.2ms)


Started GET "/posts" for ::1 at 2019-01-13 16:41:54 -0500
Processing by PostsController#index as HTML
  [1m[35mPost Load (0.2ms)[0m  SELECT "posts".* FROM "posts"
  Rendered posts/index.html.erb within layouts/application (0.7ms)
Completed 200 OK in 15ms (Views: 14.8ms | ActiveRecord: 0.1ms)


Started GET "/posts/new" for ::1 at 2019-01-13 16:42:04 -0500
Processing by PostsController#new as HTML
  Rendered posts/new.html.erb within layouts/application (0.6ms)
Completed 200 OK in 44ms (Views: 43.5ms | ActiveRecord: 0.0ms)


Started GET "/posts?post%5Btitle%5D=sdfdsf&post%5Bdescription%5D=sdfdsfsdfsdf&authenticity_token=2eDKdp0NfHK9BsSvI4BO%2F5hQBPzbzdLKpeGj6HFgKtWaU1sPk4RaPhj8KyOhs8Fhta33s3tI%2FRZ0wVWhU9nP3Q%3D%3D" for ::1 at 2019-01-13 16:42:10 -0500
Processing by PostsController#index as HTML
  Parameters: {"post"=>{"title"=>"sdfdsf", "description"=>"sdfdsfsdfsdf"}, "authenticity_token"=>"2eDKdp0NfHK9BsSvI4BO/5hQBPzbzdLKpeGj6HFgKtWaU1sPk4RaPhj8KyOhs8Fhta33s3tI/RZ0wVWhU9nP3Q=="}
  [1m[36mPost Load (0.2ms)[0m  [1mSELECT "posts".* FROM "posts"[0m
  Rendered posts/index.html.erb within layouts/application (1.2ms)
Completed 200 OK in 24ms (Views: 23.0ms | ActiveRecord: 0.2ms)


Started GET "/posts?post%5Btitle%5D=sdfdsf&post%5Bdescription%5D=sdfdsfsdfsdf&authenticity_token=2eDKdp0NfHK9BsSvI4BO%2F5hQBPzbzdLKpeGj6HFgKtWaU1sPk4RaPhj8KyOhs8Fhta33s3tI%2FRZ0wVWhU9nP3Q%3D%3D" for ::1 at 2019-01-13 16:45:02 -0500
  [1m[36mActiveRecord::SchemaMigration Load (0.1ms)[0m  [1mSELECT "schema_migrations".* FROM "schema_migrations"[0m
Processing by PostsController#index as HTML
  Parameters: {"post"=>{"title"=>"sdfdsf", "description"=>"sdfdsfsdfsdf"}, "authenticity_token"=>"2eDKdp0NfHK9BsSvI4BO/5hQBPzbzdLKpeGj6HFgKtWaU1sPk4RaPhj8KyOhs8Fhta33s3tI/RZ0wVWhU9nP3Q=="}
  [1m[35mPost Load (0.2ms)[0m  SELECT "posts".* FROM "posts"
  Rendered posts/index.html.erb within layouts/application (8.0ms)
Completed 200 OK in 333ms (Views: 317.7ms | ActiveRecord: 0.6ms)


Started GET "/posts" for ::1 at 2019-01-13 16:45:03 -0500
Processing by PostsController#index as HTML
  [1m[36mPost Load (0.2ms)[0m  [1mSELECT "posts".* FROM "posts"[0m
  Rendered posts/index.html.erb within layouts/application (1.2ms)
Completed 200 OK in 29ms (Views: 28.0ms | ActiveRecord: 0.2ms)


Started GET "/posts/new" for ::1 at 2019-01-13 16:45:09 -0500
Processing by PostsController#new as HTML
  Rendered posts/new.html.erb within layouts/application (0.7ms)
Completed 200 OK in 18ms (Views: 17.5ms | ActiveRecord: 0.0ms)


Started GET "/posts?post%5Btitle%5D=sdfsdf&post%5Bdescription%5D=sdfsdf&authenticity_token=toh377xf6%2BalqNtM846Axm%2BWkS3Mz6N4D4EcLQI%2FJoz1O%2BaWstbNqgBSNMBxvQ9YQmtiYmxKjKTeoepkIIbDhA%3D%3D" for ::1 at 2019-01-13 16:45:13 -0500
Processing by PostsController#index as HTML
  Parameters: {"post"=>{"title"=>"sdfsdf", "description"=>"sdfsdf"}, "authenticity_token"=>"toh377xf6+alqNtM846Axm+WkS3Mz6N4D4EcLQI/Joz1O+aWstbNqgBSNMBxvQ9YQmtiYmxKjKTeoepkIIbDhA=="}
  [1m[35mPost Load (0.2ms)[0m  SELECT "posts".* FROM "posts"
  Rendered posts/index.html.erb within layouts/application (1.0ms)
Completed 200 OK in 17ms (Views: 16.3ms | ActiveRecord: 0.2ms)


Started GET "/posts" for ::1 at 2019-01-13 16:45:48 -0500
  [1m[36mActiveRecord::SchemaMigration Load (0.1ms)[0m  [1mSELECT "schema_migrations".* FROM "schema_migrations"[0m
Processing by PostsController#index as HTML
  [1m[35mPost Load (0.2ms)[0m  SELECT "posts".* FROM "posts"
  Rendered posts/index.html.erb within layouts/application (5.5ms)
Completed 200 OK in 233ms (Views: 219.9ms | ActiveRecord: 0.5ms)


Started GET "/students" for ::1 at 2019-01-13 16:45:54 -0500

ActionController::RoutingError (No route matches [GET] "/students"):
  actionpack (4.2.10) lib/action_dispatch/middleware/debug_exceptions.rb:21:in `call'
  actionpack (4.2.10) lib/action_dispatch/middleware/show_exceptions.rb:30:in `call'
  railties (4.2.10) lib/rails/rack/logger.rb:38:in `call_app'
  railties (4.2.10) lib/rails/rack/logger.rb:20:in `block in call'
  activesupport (4.2.10) lib/active_support/tagged_logging.rb:68:in `block in tagged'
  activesupport (4.2.10) lib/active_support/tagged_logging.rb:26:in `tagged'
  activesupport (4.2.10) lib/active_support/tagged_logging.rb:68:in `tagged'
  railties (4.2.10) lib/rails/rack/logger.rb:20:in `call'
  actionpack (4.2.10) lib/action_dispatch/middleware/request_id.rb:21:in `call'
  rack (1.6.10) lib/rack/methodoverride.rb:22:in `call'
  rack (1.6.10) lib/rack/runtime.rb:18:in `call'
  activesupport (4.2.10) lib/active_support/cache/strategy/local_cache_middleware.rb:28:in `call'
  rack (1.6.10) lib/rack/lock.rb:17:in `call'
  actionpack (4.2.10) lib/action_dispatch/middleware/static.rb:120:in `call'
  rack (1.6.10) lib/rack/sendfile.rb:113:in `call'
  railties (4.2.10) lib/rails/engine.rb:518:in `call'
  railties (4.2.10) lib/rails/application.rb:165:in `call'
  rack (1.6.10) lib/rack/lock.rb:17:in `call'
  rack (1.6.10) lib/rack/content_length.rb:15:in `call'
  rack (1.6.10) lib/rack/handler/webrick.rb:88:in `service'
  /Users/jisung/.rvm/rubies/ruby-2.3.3/lib/ruby/2.3.0/webrick/httpserver.rb:140:in `service'
  /Users/jisung/.rvm/rubies/ruby-2.3.3/lib/ruby/2.3.0/webrick/httpserver.rb:96:in `run'
  /Users/jisung/.rvm/rubies/ruby-2.3.3/lib/ruby/2.3.0/webrick/server.rb:296:in `block in start_thread'


  Rendered /Users/jisung/.rvm/gems/ruby-2.3.3/gems/actionpack-4.2.10/lib/action_dispatch/middleware/templates/rescues/_trace.html.erb (1.9ms)
  Rendered /Users/jisung/.rvm/gems/ruby-2.3.3/gems/actionpack-4.2.10/lib/action_dispatch/middleware/templates/routes/_route.html.erb (0.8ms)
  Rendered /Users/jisung/.rvm/gems/ruby-2.3.3/gems/actionpack-4.2.10/lib/action_dispatch/middleware/templates/routes/_table.html.erb (41.1ms)
  Rendered /Users/jisung/.rvm/gems/ruby-2.3.3/gems/actionpack-4.2.10/lib/action_dispatch/middleware/templates/rescues/_request_and_response.html.erb (1.1ms)
  Rendered /Users/jisung/.rvm/gems/ruby-2.3.3/gems/actionpack-4.2.10/lib/action_dispatch/middleware/templates/rescues/routing_error.html.erb within rescues/layout (206.6ms)


Started GET "/posts" for ::1 at 2019-01-13 16:45:58 -0500
Processing by PostsController#index as HTML
  [1m[36mPost Load (0.2ms)[0m  [1mSELECT "posts".* FROM "posts"[0m
  Rendered posts/index.html.erb within layouts/application (1.0ms)
Completed 200 OK in 19ms (Views: 17.9ms | ActiveRecord: 0.2ms)


Started GET "/posts/new" for ::1 at 2019-01-13 16:46:01 -0500
Processing by PostsController#new as HTML
  Rendered posts/new.html.erb within layouts/application (0.6ms)
Completed 200 OK in 37ms (Views: 36.7ms | ActiveRecord: 0.0ms)


Started GET "/posts?post%5Btitle%5D=sdfsdf&post%5Bdescription%5D=sdf&authenticity_token=wJ2dd3TjbaQa2J0RMBnSj69%2F9PxW5yuadwEFYRyEaWODLgwOempL6L8icp2yKl0RgoIHs%2FZiBEamIfMoPj2Maw%3D%3D" for ::1 at 2019-01-13 16:46:05 -0500
Processing by PostsController#index as HTML
  Parameters: {"post"=>{"title"=>"sdfsdf", "description"=>"sdf"}, "authenticity_token"=>"wJ2dd3TjbaQa2J0RMBnSj69/9PxW5yuadwEFYRyEaWODLgwOempL6L8icp2yKl0RgoIHs/ZiBEamIfMoPj2Maw=="}
  [1m[35mPost Load (0.2ms)[0m  SELECT "posts".* FROM "posts"
  Rendered posts/index.html.erb within layouts/application (0.9ms)
Completed 200 OK in 19ms (Views: 18.1ms | ActiveRecord: 0.2ms)


Started GET "/posts/new" for ::1 at 2019-01-13 16:48:37 -0500
Processing by PostsController#new as HTML
  Rendered posts/new.html.erb within layouts/application (0.8ms)
Completed 200 OK in 19ms (Views: 18.2ms | ActiveRecord: 0.0ms)


Started POST "/posts" for ::1 at 2019-01-13 16:48:45 -0500
Processing by PostsController#create as HTML
  Parameters: {"post"=>{"title"=>"sdfsf", "description"=>"sdf"}, "authenticity_token"=>"W+FsdCOXQBovaqW/mhRI0Qz2Phgqc40efXEBmeRv43IYUv0NLR5mVoqQSjMYJ8dPIQvNV4r2osKsUffQxtYGeg=="}
  [1m[36m (0.1ms)[0m  [1mbegin transaction[0m
  [1m[35mSQL (0.5ms)[0m  INSERT INTO "posts" ("title", "description", "created_at", "updated_at") VALUES (?, ?, ?, ?)  [["title", "sdfsf"], ["description", "sdf"], ["created_at", "2019-01-13 21:48:45.357230"], ["updated_at", "2019-01-13 21:48:45.357230"]]
  [1m[36m (1.4ms)[0m  [1mcommit transaction[0m
Redirected to http://localhost:3000/posts
Completed 302 Found in 50ms (ActiveRecord: 2.0ms)


Started GET "/posts" for ::1 at 2019-01-13 16:48:45 -0500
Processing by PostsController#index as HTML
  [1m[35mPost Load (0.2ms)[0m  SELECT "posts".* FROM "posts"
  Rendered posts/index.html.erb within layouts/application (1.0ms)
Completed 200 OK in 18ms (Views: 17.5ms | ActiveRecord: 0.2ms)
